{
  "stats": {
    "suites": 4,
    "tests": 7,
    "passes": 7,
    "pending": 0,
    "failures": 0,
    "start": "2025-06-21T03:51:10.466Z",
    "end": "2025-06-21T03:51:12.291Z",
    "duration": 1825,
    "testsRegistered": 7,
    "passPercent": 100,
    "pendingPercent": 0,
    "other": 0,
    "hasOther": false,
    "skipped": 0,
    "hasSkipped": false
  },
  "results": [
    {
      "uuid": "ef63654a-290c-4b51-9bf9-a07106684cae",
      "title": "",
      "fullFile": "",
      "file": "",
      "beforeHooks": [],
      "afterHooks": [],
      "tests": [],
      "suites": [
        {
          "uuid": "e3b59017-52ac-4ea6-abf4-2068daa4b0ae",
          "title": "Feature Reqres Create User",
          "fullFile": "C:\\Users\\izzar\\Videos\\sesi 7\\sesi7_ummu\\tests\\createUser.js",
          "file": "\\tests\\createUser.js",
          "beforeHooks": [],
          "afterHooks": [],
          "tests": [
            {
              "title": "POST - should return status 201",
              "fullTitle": "Feature Reqres Create User POST - should return status 201",
              "timedOut": false,
              "duration": 541,
              "state": "passed",
              "speed": "slow",
              "pass": true,
              "fail": false,
              "pending": false,
              "context": null,
              "code": "const response = await fetch(\"https://reqres.in/api/users\",{\n        method: \"POST\",\n        headers: {\n            \"x-api-key\": \"reqres-free-v1\",\n            \"Content-Type\": \"application/json\"\n        },\n        body: JSON.stringify({\n            name: \"Izza\",\n            job: \"leader\"\n        })\n    });\n    const data = await response.json();\n    // Cek status code\n    // console.log(data)\n    assert.strictEqual(response.status, 201, \"Status code should be 201\");",
              "err": {},
              "uuid": "3092d521-92b1-4b9a-8424-1c5ec9cb1cca",
              "parentUUID": "e3b59017-52ac-4ea6-abf4-2068daa4b0ae",
              "isHook": false,
              "skipped": false
            },
            {
              "title": "POST - response should contain an id ",
              "fullTitle": "Feature Reqres Create User POST - response should contain an id ",
              "timedOut": false,
              "duration": 395,
              "state": "passed",
              "speed": "slow",
              "pass": true,
              "fail": false,
              "pending": false,
              "context": null,
              "code": "const response = await fetch(\"https://reqres.in/api/users\",{\n        method: \"POST\",\n        headers: {\n            \"x-api-key\": \"reqres-free-v1\",\n            \"Content-Type\": \"application/json\"\n        },\n        body: JSON.stringify({\n            name: \"Izza\",\n            job: \"leader\"\n        })\n    });\n    const data = await response.json();\n    // console.log(data)\n    // Cek apakah properti `id` ada\n    assert.ok(data.id, \"Response should contain an 'id'\");",
              "err": {},
              "uuid": "b9ef3eb0-5e2e-4ba5-9e8a-c4f106197c56",
              "parentUUID": "e3b59017-52ac-4ea6-abf4-2068daa4b0ae",
              "isHook": false,
              "skipped": false
            }
          ],
          "suites": [],
          "passes": [
            "3092d521-92b1-4b9a-8424-1c5ec9cb1cca",
            "b9ef3eb0-5e2e-4ba5-9e8a-c4f106197c56"
          ],
          "failures": [],
          "pending": [],
          "skipped": [],
          "duration": 936,
          "root": false,
          "rootEmpty": false,
          "_timeout": 2000
        },
        {
          "uuid": "c9a0b6d1-4e5c-4958-a123-b0d17f8995a2",
          "title": "Feature Reqres Delete User",
          "fullFile": "C:\\Users\\izzar\\Videos\\sesi 7\\sesi7_ummu\\tests\\deleteUser.js",
          "file": "\\tests\\deleteUser.js",
          "beforeHooks": [],
          "afterHooks": [],
          "tests": [
            {
              "title": "Delete - should return status 204",
              "fullTitle": "Feature Reqres Delete User Delete - should return status 204",
              "timedOut": false,
              "duration": 380,
              "state": "passed",
              "speed": "slow",
              "pass": true,
              "fail": false,
              "pending": false,
              "context": null,
              "code": "const response = await fetch(\"https://reqres.in/api/users/714\",{\n        method: \"DELETE\",\n        headers: {\n            \"x-api-key\": \"reqres-free-v1\",\n            \"Content-Type\": \"application/json\"\n        }\n    });\n    \n    // Cek status code\n    assert.strictEqual(response.status, 204, \"Status code should be 204\");",
              "err": {},
              "uuid": "2e05f10c-8aba-43e3-8220-3bf6ab948c97",
              "parentUUID": "c9a0b6d1-4e5c-4958-a123-b0d17f8995a2",
              "isHook": false,
              "skipped": false
            }
          ],
          "suites": [],
          "passes": [
            "2e05f10c-8aba-43e3-8220-3bf6ab948c97"
          ],
          "failures": [],
          "pending": [],
          "skipped": [],
          "duration": 380,
          "root": false,
          "rootEmpty": false,
          "_timeout": 2000
        },
        {
          "uuid": "1bd2dcef-2cc1-468c-8d7f-78f09ba90b83",
          "title": "Feature Reqres Get Users",
          "fullFile": "C:\\Users\\izzar\\Videos\\sesi 7\\sesi7_ummu\\tests\\getUsers.js",
          "file": "\\tests\\getUsers.js",
          "beforeHooks": [],
          "afterHooks": [],
          "tests": [
            {
              "title": "GET List - should return status 200",
              "fullTitle": "Feature Reqres Get Users GET List - should return status 200",
              "timedOut": false,
              "duration": 40,
              "state": "passed",
              "speed": "medium",
              "pass": true,
              "fail": false,
              "pending": false,
              "context": null,
              "code": "const response = await fetch(\"https://reqres.in/api/users\",{\n        headers: {\n            \"x-api-key\": \"reqres-free-v1\",\n            \"Content-Type\": \"application/json\"\n        }\n    });\n    const data = await response.json();\n    // Cek status code\n    // console.log(data)\n    assert.strictEqual(response.status, 200, \"Status code should be 200\");",
              "err": {},
              "uuid": "a8ec5829-e3e6-4125-84e1-5e9b5d91e069",
              "parentUUID": "1bd2dcef-2cc1-468c-8d7f-78f09ba90b83",
              "isHook": false,
              "skipped": false
            },
            {
              "title": "GET List - should return json",
              "fullTitle": "Feature Reqres Get Users GET List - should return json",
              "timedOut": false,
              "duration": 35,
              "state": "passed",
              "speed": "fast",
              "pass": true,
              "fail": false,
              "pending": false,
              "context": null,
              "code": "const response = await fetch(\"https://reqres.in/api/users\",{\n        headers: {\n            \"x-api-key\": \"reqres-free-v1\",\n            \"Content-Type\": \"application/json\"\n        }\n    });\n    const data = await response.json();\n    \n    // Cek content-type JSON\n    const contentType = response.headers.get(\"content-type\");\n    assert.ok(contentType.includes(\"application/json\"), \"Response should be JSON\");",
              "err": {},
              "uuid": "4d966431-eca5-4922-bf07-a262ad15f887",
              "parentUUID": "1bd2dcef-2cc1-468c-8d7f-78f09ba90b83",
              "isHook": false,
              "skipped": false
            },
            {
              "title": "GET List - should return <500ms",
              "fullTitle": "Feature Reqres Get Users GET List - should return <500ms",
              "timedOut": false,
              "duration": 35,
              "state": "passed",
              "speed": "fast",
              "pass": true,
              "fail": false,
              "pending": false,
              "context": null,
              "code": "const start = Date.now();\nconst response = await fetch(\"https://reqres.in/api/users\",{\n    headers: {\n        \"x-api-key\": \"reqres-free-v1\",\n        \"Content-Type\": \"application/json\"\n    }\n});\nconst duration = Date.now() - start;\nconst data = await response.json();\n// Cek response time\nassert.ok(duration < 500, `Response time ${duration}ms exceeded 500ms`);",
              "err": {},
              "uuid": "e0a9a38f-c956-4761-b487-f1e822b0d82c",
              "parentUUID": "1bd2dcef-2cc1-468c-8d7f-78f09ba90b83",
              "isHook": false,
              "skipped": false
            }
          ],
          "suites": [],
          "passes": [
            "a8ec5829-e3e6-4125-84e1-5e9b5d91e069",
            "4d966431-eca5-4922-bf07-a262ad15f887",
            "e0a9a38f-c956-4761-b487-f1e822b0d82c"
          ],
          "failures": [],
          "pending": [],
          "skipped": [],
          "duration": 110,
          "root": false,
          "rootEmpty": false,
          "_timeout": 2000
        },
        {
          "uuid": "f3fe8492-be77-4382-97b4-15dfcdcdbed8",
          "title": "Feature Reqres Update User",
          "fullFile": "C:\\Users\\izzar\\Videos\\sesi 7\\sesi7_ummu\\tests\\updateUser.js",
          "file": "\\tests\\updateUser.js",
          "beforeHooks": [],
          "afterHooks": [],
          "tests": [
            {
              "title": "PATCH - should return status 200",
              "fullTitle": "Feature Reqres Update User PATCH - should return status 200",
              "timedOut": false,
              "duration": 388,
              "state": "passed",
              "speed": "slow",
              "pass": true,
              "fail": false,
              "pending": false,
              "context": null,
              "code": "const response = await fetch(\"https://reqres.in/api/users/714\",{\n        method: \"PATCH\",\n        headers: {\n            \"x-api-key\": \"reqres-free-v1\",\n            \"Content-Type\": \"application/json\"\n        },\n        body: JSON.stringify({\n            name: \"Izza edited\"\n        })\n    });\n    const data = await response.json();\n    // Cek status code\n    // console.log(data)\n    assert.strictEqual(response.status, 200, \"Status code should be 200\");",
              "err": {},
              "uuid": "7f76188a-c562-47f7-9f78-cbbd41ab1927",
              "parentUUID": "f3fe8492-be77-4382-97b4-15dfcdcdbed8",
              "isHook": false,
              "skipped": false
            }
          ],
          "suites": [],
          "passes": [
            "7f76188a-c562-47f7-9f78-cbbd41ab1927"
          ],
          "failures": [],
          "pending": [],
          "skipped": [],
          "duration": 388,
          "root": false,
          "rootEmpty": false,
          "_timeout": 2000
        }
      ],
      "passes": [],
      "failures": [],
      "pending": [],
      "skipped": [],
      "duration": 0,
      "root": true,
      "rootEmpty": true,
      "_timeout": 2000
    }
  ],
  "meta": {
    "mocha": {
      "version": "11.7.0"
    },
    "mochawesome": {
      "options": {
        "quiet": false,
        "reportFilename": "mochawesome",
        "saveHtml": true,
        "saveJson": true,
        "consoleReporter": "spec",
        "useInlineDiffs": false,
        "code": true
      },
      "version": "7.1.3"
    },
    "marge": {
      "options": null,
      "version": "6.2.0"
    }
  }
}